"D:/UE4PlatformSample_IdentifyFriendEtc/UE4PlatformSample_IdentityFriendRtc/Content/BP_PicoGameInstance.uasset" 0
"D:/UE4PlatformSample_IdentifyFriendEtc/UE4PlatformSample_IdentityFriendRtc/Content/BP_PicoGameInstance.uexp" 1
"D:/UE4PlatformSample_IdentifyFriendEtc/UE4PlatformSample_IdentityFriendRtc/Content/Neo3Pawn.uasset" 2
"D:/UE4PlatformSample_IdentifyFriendEtc/UE4PlatformSample_IdentityFriendRtc/Content/Neo3Pawn.uexp" 3
"D:/UE4PlatformSample_IdentifyFriendEtc/UE4PlatformSample_IdentityFriendRtc/Content/UIINteraction_GameMode.uasset" 4
"D:/UE4PlatformSample_IdentifyFriendEtc/UE4PlatformSample_IdentityFriendRtc/Content/UIINteraction_GameMode.uexp" 5
"../../../Engine/Content/Animation/DefaultAnimBoneCompressionSettings.uasset" 6
"../../../Engine/Content/Animation/DefaultAnimBoneCompressionSettings.uexp" 7
"../../../Engine/Content/Animation/DefaultAnimCurveCompressionSettings.uasset" 8
"../../../Engine/Content/Animation/DefaultAnimCurveCompressionSettings.uexp" 9
"../../../Engine/Content/EngineMaterials/T_Default_Material_Grid_N.uasset" 10
"../../../Engine/Content/EngineMaterials/T_Default_Material_Grid_N.uexp" 11
"../../../Engine/Content/EngineMaterials/T_Default_Material_Grid_N.ubulk" 12
"../../../Engine/Content/EngineMaterials/T_Default_Material_Grid_M.uasset" 13
"../../../Engine/Content/EngineMaterials/T_Default_Material_Grid_M.uexp" 14
"../../../Engine/Content/EngineMaterials/T_Default_Material_Grid_M.ubulk" 15
"../../../Engine/Content/Functions/Engine_MaterialFunctions01/Opacity/CameraDepthFade.uasset" 16
"../../../Engine/Content/Functions/Engine_MaterialFunctions01/Opacity/CameraDepthFade.uexp" 17
"../../../Engine/Content/EngineMaterials/WorldGridMaterial.uasset" 18
"../../../Engine/Content/EngineMaterials/WorldGridMaterial.uexp" 19
"../../../Engine/Content/ArtTools/RenderToTexture/Meshes/S_1_Unit_Plane.uasset" 20
"../../../Engine/Content/ArtTools/RenderToTexture/Meshes/S_1_Unit_Plane.uexp" 21
"../../../Engine/Content/EngineMaterials/DefaultMaterial.uasset" 22
"../../../Engine/Content/EngineMaterials/DefaultMaterial.uexp" 23
"../../../Engine/Content/BasicShapes/Cone.uasset" 24
"../../../Engine/Content/BasicShapes/Cone.uexp" 25
"../../../Engine/Content/BasicShapes/Cube.uasset" 26
"../../../Engine/Content/BasicShapes/Cube.uexp" 27
"../../../Engine/Content/BasicShapes/Sphere.uasset" 28
"../../../Engine/Content/BasicShapes/Sphere.uexp" 29
"../../../Engine/Content/EditorLandscapeResources/DataLayer.uasset" 30
"../../../Engine/Content/EditorLandscapeResources/DataLayer.uexp" 31
"../../../Engine/Content/EditorLandscapeResources/DefaultAlphaTexture.uasset" 32
"../../../Engine/Content/EditorLandscapeResources/DefaultAlphaTexture.uexp" 33
"../../../Engine/Content/EditorMaterials/MAT_Groups_Toggle.uasset" 34
"../../../Engine/Content/EditorMaterials/MAT_Groups_Toggle.uexp" 35
"../../../Engine/Content/EditorMaterials/MAT_Groups_Visibility.uasset" 36
"../../../Engine/Content/EditorMaterials/MAT_Groups_Visibility.uexp" 37
"../../../Engine/Content/EditorMaterials/PreviewShadowIndicator.uasset" 38
"../../../Engine/Content/EditorMaterials/PreviewShadowIndicator.uexp" 39
"../../../Engine/Content/EditorMaterials/PreviewShadowIndicator.ubulk" 40
"../../../Engine/Content/EditorMaterials/PreviewShadowIndicatorMaterial.uasset" 41
"../../../Engine/Content/EditorMaterials/PreviewShadowIndicatorMaterial.uexp" 42
"../../../Engine/Content/EditorMaterials/MatineeGroups/MAT_ColorTrack.uasset" 43
"../../../Engine/Content/EditorMaterials/MatineeGroups/MAT_ColorTrack.uexp" 44
"../../../Engine/Content/EditorMaterials/MatineeGroups/MAT_Groups_Anim.uasset" 45
"../../../Engine/Content/EditorMaterials/MatineeGroups/MAT_Groups_Anim.uexp" 46
"../../../Engine/Content/EditorMaterials/MatineeGroups/MAT_Groups_AudioMaster.uasset" 47
"../../../Engine/Content/EditorMaterials/MatineeGroups/MAT_Groups_AudioMaster.uexp" 48
"../../../Engine/Content/EditorMaterials/MatineeGroups/MAT_Groups_Director.uasset" 49
"../../../Engine/Content/EditorMaterials/MatineeGroups/MAT_Groups_Director.uexp" 50
"../../../Engine/Content/EditorMaterials/MatineeGroups/MAT_Groups_Event.uasset" 51
"../../../Engine/Content/EditorMaterials/MatineeGroups/MAT_Groups_Event.uexp" 52
"../../../Engine/Content/EditorMaterials/MatineeGroups/MAT_Groups_Fade.uasset" 53
"../../../Engine/Content/EditorMaterials/MatineeGroups/MAT_Groups_Fade.uexp" 54
"../../../Engine/Content/EditorMaterials/MatineeGroups/MAT_Groups_Float.uasset" 55
"../../../Engine/Content/EditorMaterials/MatineeGroups/MAT_Groups_Float.uexp" 56
"../../../Engine/Content/EditorMaterials/MatineeGroups/MAT_Groups_Move.uasset" 57
"../../../Engine/Content/EditorMaterials/MatineeGroups/MAT_Groups_Move.uexp" 58
"../../../Engine/Content/EditorMaterials/MatineeGroups/MAT_Groups_Slomo.uasset" 59
"../../../Engine/Content/EditorMaterials/MatineeGroups/MAT_Groups_Slomo.uexp" 60
"../../../Engine/Content/EditorMaterials/MatineeGroups/MAT_Groups_Sound.uasset" 61
"../../../Engine/Content/EditorMaterials/MatineeGroups/MAT_Groups_Sound.uexp" 62
"../../../Engine/Content/EditorMaterials/MatineeGroups/MAT_Groups_Vector.uasset" 63
"../../../Engine/Content/EditorMaterials/MatineeGroups/MAT_Groups_Vector.uexp" 64
"../../../Engine/Content/EditorMaterials/ParticleSystems/PSysThumbnail_NoImage.uasset" 65
"../../../Engine/Content/EditorMaterials/ParticleSystems/PSysThumbnail_NoImage.uexp" 66
"../../../Engine/Content/EditorMaterials/ParticleSystems/PSysThumbnail_NoImage.ubulk" 67
"../../../Engine/Content/EditorMaterials/ParticleSystems/PSysThumbnail_OOD.uasset" 68
"../../../Engine/Content/EditorMaterials/ParticleSystems/PSysThumbnail_OOD.uexp" 69
"../../../Engine/Content/EditorMaterials/ParticleSystems/PSysThumbnail_OOD.ubulk" 70
"../../../Engine/Content/EditorMaterials/Camera/CineMat.uasset" 71
"../../../Engine/Content/EditorMaterials/Camera/CineMat.uexp" 72
"../../../Engine/Content/EditorMaterials/Camera/MI_CineMat_Rig.uasset" 73
"../../../Engine/Content/EditorMaterials/Camera/MI_CineMat_Rig.uexp" 74
"../../../Engine/Content/EditorMeshes/Camera/SM_CraneRig_Arm.uasset" 75
"../../../Engine/Content/EditorMeshes/Camera/SM_CraneRig_Arm.uexp" 76
"../../../Engine/Content/EditorMeshes/Camera/SM_CraneRig_Base.uasset" 77
"../../../Engine/Content/EditorMeshes/Camera/SM_CraneRig_Base.uexp" 78
"../../../Engine/Content/EditorMeshes/Camera/SM_CraneRig_Body.uasset" 79
"../../../Engine/Content/EditorMeshes/Camera/SM_CraneRig_Body.uexp" 80
"../../../Engine/Content/EditorMeshes/Camera/SM_CraneRig_Mount.uasset" 81
"../../../Engine/Content/EditorMeshes/Camera/SM_CraneRig_Mount.uexp" 82
"../../../Engine/Content/EditorMeshes/Camera/SM_RailRig_Mount.uasset" 83
"../../../Engine/Content/EditorMeshes/Camera/SM_RailRig_Mount.uexp" 84
"../../../Engine/Content/EditorMeshes/Camera/SM_RailRig_Track.uasset" 85
"../../../Engine/Content/EditorMeshes/Camera/SM_RailRig_Track.uexp" 86
"../../../Engine/Content/EditorResources/BSPVertex.uasset" 87
"../../../Engine/Content/EditorResources/BSPVertex.uexp" 88
"../../../Engine/Content/EditorResources/EmptyActor.uasset" 89
"../../../Engine/Content/EditorResources/EmptyActor.uexp" 90
"../../../Engine/Content/EditorResources/S_Actor.uasset" 91
"../../../Engine/Content/EditorResources/S_Actor.uexp" 92
"../../../Engine/Content/EditorResources/S_Actor.ubulk" 93
"../../../Engine/Content/EditorResources/S_Note.uasset" 94
"../../../Engine/Content/EditorResources/S_Note.uexp" 95
"../../../Engine/Content/EditorResources/S_Note.ubulk" 96
"../../../Engine/Content/EditorResources/S_Solver.uasset" 97
"../../../Engine/Content/EditorResources/S_Solver.uexp" 98
"../../../Engine/Content/EditorResources/S_Solver.ubulk" 99
"../../../Engine/Content/EditorResources/S_Terrain.uasset" 100
"../../../Engine/Content/EditorResources/S_Terrain.uexp" 101
"../../../Engine/Content/EditorResources/S_Terrain.ubulk" 102
"../../../Engine/Content/EditorResources/S_Trigger.uasset" 103
"../../../Engine/Content/EditorResources/S_Trigger.uexp" 104
"../../../Engine/Content/EditorResources/S_Trigger.ubulk" 105
"../../../Engine/Content/EditorResources/LightIcons/S_LightError.uasset" 106
"../../../Engine/Content/EditorResources/LightIcons/S_LightError.uexp" 107
"../../../Engine/Content/EditorResources/SequenceRecorder/Countdown.uasset" 108
"../../../Engine/Content/EditorResources/SequenceRecorder/Countdown.uexp" 109
"../../../Engine/Content/EditorResources/SequenceRecorder/RecordingIndicator.uasset" 110
"../../../Engine/Content/EditorResources/SequenceRecorder/RecordingIndicator.uexp" 111
"../../../Engine/Content/EngineDamageTypes/DmgTypeBP_Environmental.uasset" 112
"../../../Engine/Content/EngineDamageTypes/DmgTypeBP_Environmental.uexp" 113
"../../../Engine/Content/EngineDebugMaterials/DebugEditorMaterial.uasset" 114
"../../../Engine/Content/EngineDebugMaterials/DebugEditorMaterial.uexp" 115
"../../../Engine/Content/EngineDebugMaterials/DebugMeshMaterial.uasset" 116
"../../../Engine/Content/EngineDebugMaterials/DebugMeshMaterial.uexp" 117
"../../../Engine/Content/EngineDebugMaterials/M_SimpleUnlitTranslucent.uasset" 118
"../../../Engine/Content/EngineDebugMaterials/M_SimpleUnlitTranslucent.uexp" 119
"../../../Engine/Content/EngineDebugMaterials/VolumeToRender.uasset" 120
"../../../Engine/Content/EngineDebugMaterials/VolumeToRender.uexp" 121
"../../../Engine/Content/Functions/Engine_MaterialFunctions02/Utility/CameraDirectionVector.uasset" 122
"../../../Engine/Content/Functions/Engine_MaterialFunctions02/Utility/CameraDirectionVector.uexp" 123
"../../../Engine/Content/EngineDebugMaterials/M_VolumeRenderSphereTracePP.uasset" 124
"../../../Engine/Content/EngineDebugMaterials/M_VolumeRenderSphereTracePP.uexp" 125
"../../../Engine/Content/Functions/Engine_MaterialFunctions01/Shading/ConvertFromDiffSpec.uasset" 126
"../../../Engine/Content/Functions/Engine_MaterialFunctions01/Shading/ConvertFromDiffSpec.uexp" 127
"../../../Engine/Content/EngineDebugMaterials/VertexColorMaterial.uasset" 128
"../../../Engine/Content/EngineDebugMaterials/VertexColorMaterial.uexp" 129
"../../../Engine/Content/EngineDebugMaterials/WireframeMaterial.uasset" 130
"../../../Engine/Content/EngineDebugMaterials/WireframeMaterial.uexp" 131
"../../../Engine/Content/EngineFonts/Faces/RobotoRegular.uasset" 132
"../../../Engine/Content/EngineFonts/Faces/RobotoRegular.uexp" 133
"../../../Engine/Content/EngineFonts/Faces/RobotoRegular.ufont" 134
"../../../Engine/Content/EngineFonts/Faces/RobotoLight.uasset" 135
"../../../Engine/Content/EngineFonts/Faces/RobotoLight.uexp" 136
"../../../Engine/Content/EngineFonts/Faces/RobotoLight.ufont" 137
"../../../Engine/Content/EngineFonts/Faces/RobotoItalic.uasset" 138
"../../../Engine/Content/EngineFonts/Faces/RobotoItalic.uexp" 139
"../../../Engine/Content/EngineFonts/Faces/RobotoItalic.ufont" 140
"../../../Engine/Content/EngineFonts/Faces/RobotoBoldItalic.uasset" 141
"../../../Engine/Content/EngineFonts/Faces/RobotoBoldItalic.uexp" 142
"../../../Engine/Content/EngineFonts/Faces/RobotoBoldItalic.ufont" 143
"../../../Engine/Content/EngineFonts/Faces/RobotoBold.uasset" 144
"../../../Engine/Content/EngineFonts/Faces/RobotoBold.uexp" 145
"../../../Engine/Content/EngineFonts/Faces/RobotoBold.ufont" 146
"../../../Engine/Content/EngineFonts/Faces/DroidSansFallback.uasset" 147
"../../../Engine/Content/EngineFonts/Faces/DroidSansFallback.uexp" 148
"../../../Engine/Content/EngineFonts/Faces/DroidSansFallback.ufont" 149
"../../../Engine/Content/EngineFonts/Roboto.uasset" 150
"../../../Engine/Content/EngineFonts/Roboto.uexp" 151
"../../../Engine/Content/EngineMaterials/BaseFlattenNormalMap.uasset" 152
"../../../Engine/Content/EngineMaterials/BaseFlattenNormalMap.uexp" 153
"../../../Engine/Content/EngineMaterials/BaseFlattenGrayscaleMap.uasset" 154
"../../../Engine/Content/EngineMaterials/BaseFlattenGrayscaleMap.uexp" 155
"../../../Engine/Content/EngineMaterials/BaseFlattenEmissiveMap.uasset" 156
"../../../Engine/Content/EngineMaterials/BaseFlattenEmissiveMap.uexp" 157
"../../../Engine/Content/EngineMaterials/BaseFlattenDiffuseMap.uasset" 158
"../../../Engine/Content/EngineMaterials/BaseFlattenDiffuseMap.uexp" 159
"../../../Engine/Content/EngineMaterials/BaseFlattenMaterial.uasset" 160
"../../../Engine/Content/EngineMaterials/BaseFlattenMaterial.uexp" 161
"../../../Engine/Content/EngineMaterials/BlueNoise.uasset" 162
"../../../Engine/Content/EngineMaterials/BlueNoise.uexp" 163
"../../../Engine/Content/EngineMaterials/DefaultBloomKernel.uasset" 164
"../../../Engine/Content/EngineMaterials/DefaultBloomKernel.uexp" 165
"../../../Engine/Content/EngineMaterials/DefaultBokeh.uasset" 166
"../../../Engine/Content/EngineMaterials/DefaultBokeh.uexp" 167
"../../../Engine/Content/EngineMaterials/DefaultDiffuse.uasset" 168
"../../../Engine/Content/EngineMaterials/DefaultDiffuse.uexp" 169
"../../../Engine/Content/EngineMaterials/DefaultDiffuse.ubulk" 170
"../../../Engine/Content/EngineMaterials/DefaultDeferredDecalMaterial.uasset" 171
"../../../Engine/Content/EngineMaterials/DefaultDeferredDecalMaterial.uexp" 172
"../../../Engine/Content/EngineMaterials/DefaultLightFunctionMaterial.uasset" 173
"../../../Engine/Content/EngineMaterials/DefaultLightFunctionMaterial.uexp" 174
"../../../Engine/Content/EngineMaterials/DefaultPhysicalMaterial.uasset" 175
"../../../Engine/Content/EngineMaterials/DefaultPhysicalMaterial.uexp" 176
"../../../Engine/Content/Functions/Engine_MaterialFunctions02/Utility/BreakOutFloat2Components.uasset" 177
"../../../Engine/Content/Functions/Engine_MaterialFunctions02/Utility/BreakOutFloat2Components.uexp" 178
"../../../Engine/Content/EngineMaterials/DefaultPostProcessMaterial.uasset" 179
"../../../Engine/Content/EngineMaterials/DefaultPostProcessMaterial.uexp" 180
"../../../Engine/Content/EngineFonts/RobotoDistanceField.uasset" 181
"../../../Engine/Content/EngineFonts/RobotoDistanceField.uexp" 182
"../../../Engine/Content/EngineMaterials/DefaultTextMaterialOpaque.uasset" 183
"../../../Engine/Content/EngineMaterials/DefaultTextMaterialOpaque.uexp" 184
"../../../Engine/Content/EngineMaterials/DefaultWhiteGrid.uasset" 185
"../../../Engine/Content/EngineMaterials/DefaultWhiteGrid.uexp" 186
"../../../Engine/Content/EngineMaterials/DefaultWhiteGrid.ubulk" 187
"../../../Engine/Content/EngineMaterials/DefaultWhiteGrid_Low.uasset" 188
"../../../Engine/Content/EngineMaterials/DefaultWhiteGrid_Low.uexp" 189
"../../../Engine/Content/EngineMaterials/EmissiveMeshMaterial.uasset" 190
"../../../Engine/Content/EngineMaterials/EmissiveMeshMaterial.uexp" 191
"../../../Engine/Content/EngineMaterials/GizmoMaterial.uasset" 192
"../../../Engine/Content/EngineMaterials/GizmoMaterial.uexp" 193
"../../../Engine/Content/EngineMaterials/Good64x64TilingNoiseHighFreq.uasset" 194
"../../../Engine/Content/EngineMaterials/Good64x64TilingNoiseHighFreq.uexp" 195
"../../../Engine/Content/EngineMaterials/MiniFont.uasset" 196
"../../../Engine/Content/EngineMaterials/MiniFont.uexp" 197
"../../../Engine/Content/EngineMaterials/InvalidLightmapSettings.uasset" 198
"../../../Engine/Content/EngineMaterials/InvalidLightmapSettings.uexp" 199
"../../../Engine/Content/EngineMaterials/InvalidLightmapSettings.ubulk" 200
"../../../Engine/Content/EngineMaterials/M_InvalidLightmapSettings.uasset" 201
"../../../Engine/Content/EngineMaterials/M_InvalidLightmapSettings.uexp" 202
"../../../Engine/Content/Functions/Engine_MaterialFunctions02/WorldPositionOffset/CameraOffset.uasset" 203
"../../../Engine/Content/Functions/Engine_MaterialFunctions02/WorldPositionOffset/CameraOffset.uexp" 204
"../../../Engine/Content/EngineMaterials/PhAT_JointLimitMaterial.uasset" 205
"../../../Engine/Content/EngineMaterials/PhAT_JointLimitMaterial.uexp" 206
"../../../Engine/Content/EngineMaterials/PreintegratedSkinBRDF.uasset" 207
"../../../Engine/Content/EngineMaterials/PreintegratedSkinBRDF.uexp" 208
"../../../Engine/Content/EngineMaterials/RemoveSurfaceMaterial.uasset" 209
"../../../Engine/Content/EngineMaterials/RemoveSurfaceMaterial.uexp" 210
"../../../Engine/Content/EngineMaterials/WeightMapPlaceholderTexture.uasset" 211
"../../../Engine/Content/EngineMaterials/WeightMapPlaceholderTexture.uexp" 212
"../../../Engine/Content/EngineResources/WhiteSquareTexture.uasset" 213
"../../../Engine/Content/EngineResources/WhiteSquareTexture.uexp" 214
"../../../Engine/Content/EngineMaterials/Widget3DPassThrough.uasset" 215
"../../../Engine/Content/EngineMaterials/Widget3DPassThrough.uexp" 216
"../../../Engine/Content/EngineMaterials/Widget3DPassThrough_Masked.uasset" 217
"../../../Engine/Content/EngineMaterials/Widget3DPassThrough_Masked.uexp" 218
"../../../Engine/Content/EngineMaterials/Widget3DPassThrough_Opaque.uasset" 219
"../../../Engine/Content/EngineMaterials/Widget3DPassThrough_Opaque.uexp" 220
"../../../Engine/Content/EngineMaterials/Widget3DPassThrough_Masked_OneSided.uasset" 221
"../../../Engine/Content/EngineMaterials/Widget3DPassThrough_Masked_OneSided.uexp" 222
"../../../Engine/Content/EngineMaterials/Widget3DPassThrough_Opaque_OneSided.uasset" 223
"../../../Engine/Content/EngineMaterials/Widget3DPassThrough_Opaque_OneSided.uexp" 224
"../../../Engine/Content/EngineMaterials/Widget3DPassThrough_Translucent.uasset" 225
"../../../Engine/Content/EngineMaterials/Widget3DPassThrough_Translucent.uexp" 226
"../../../Engine/Content/EngineMaterials/Widget3DPassThrough_Translucent_OneSided.uasset" 227
"../../../Engine/Content/EngineMaterials/Widget3DPassThrough_Translucent_OneSided.uexp" 228
"../../../Engine/Content/EngineMeshes/Cylinder.uasset" 229
"../../../Engine/Content/EngineMeshes/Cylinder.uexp" 230
"../../../Engine/Content/EngineMeshes/Sphere.uasset" 231
"../../../Engine/Content/EngineMeshes/Sphere.uexp" 232
"../../../Engine/Content/EngineResources/Black.uasset" 233
"../../../Engine/Content/EngineResources/Black.uexp" 234
"../../../Engine/Content/EngineResources/DefaultTexture.uasset" 235
"../../../Engine/Content/EngineResources/DefaultTexture.uexp" 236
"../../../Engine/Content/EngineResources/DefaultTexture.ubulk" 237
"../../../Engine/Content/EngineResources/DefaultTextureCube.uasset" 238
"../../../Engine/Content/EngineResources/DefaultTextureCube.uexp" 239
"../../../Engine/Content/EngineResources/DefaultVolumeTexture2D.uasset" 240
"../../../Engine/Content/EngineResources/DefaultVolumeTexture2D.uexp" 241
"../../../Engine/Content/EngineResources/DefaultVolumeTexture.uasset" 242
"../../../Engine/Content/EngineResources/DefaultVolumeTexture.uexp" 243
"../../../Engine/Content/EngineResources/GradientTexture0.uasset" 244
"../../../Engine/Content/EngineResources/GradientTexture0.uexp" 245
"../../../Engine/Content/EngineSky/VolumetricClouds/T_NoiseShape64.uasset" 246
"../../../Engine/Content/EngineSky/VolumetricClouds/T_NoiseShape64.uexp" 247
"../../../Engine/Content/EngineSky/VolumetricClouds/T_NoiseShape64.ubulk" 248
"../../../Engine/Content/EngineSky/VolumetricClouds/T_VolumeNoiseShape64.uasset" 249
"../../../Engine/Content/EngineSky/VolumetricClouds/T_VolumeNoiseShape64.uexp" 250
"../../../Engine/Content/EngineSky/VolumetricClouds/T_NoiseErosion.uasset" 251
"../../../Engine/Content/EngineSky/VolumetricClouds/T_NoiseErosion.uexp" 252
"../../../Engine/Content/EngineSky/VolumetricClouds/T_NoiseErosion.ubulk" 253
"../../../Engine/Content/EngineSky/VolumetricClouds/T_VolumeNoiseErosion32.uasset" 254
"../../../Engine/Content/EngineSky/VolumetricClouds/T_VolumeNoiseErosion32.uexp" 255
"../../../Engine/Content/EngineSky/VolumetricClouds/CloudWeatherTexture.uasset" 256
"../../../Engine/Content/EngineSky/VolumetricClouds/CloudWeatherTexture.uexp" 257
"../../../Engine/Content/EngineSky/VolumetricClouds/CloudGradientTexture.uasset" 258
"../../../Engine/Content/EngineSky/VolumetricClouds/CloudGradientTexture.uexp" 259
"../../../Engine/Content/Functions/Engine_MaterialFunctions02/Utility/MakeFloat2.uasset" 260
"../../../Engine/Content/Functions/Engine_MaterialFunctions02/Utility/MakeFloat2.uexp" 261
"../../../Engine/Content/EngineSky/VolumetricClouds/m_SimpleVolumetricCloud.uasset" 262
"../../../Engine/Content/EngineSky/VolumetricClouds/m_SimpleVolumetricCloud.uexp" 263
"../../../Engine/Content/EngineSky/VolumetricClouds/m_SimpleVolumetricCloud_Inst.uasset" 264
"../../../Engine/Content/EngineSky/VolumetricClouds/m_SimpleVolumetricCloud_Inst.uexp" 265
"../../../Engine/Content/EngineSounds/Master.uasset" 266
"../../../Engine/Content/EngineSounds/Master.uexp" 267
"../../../Engine/Content/Functions/Engine_MaterialFunctions01/Shading/PowerToRoughness.uasset" 268
"../../../Engine/Content/Functions/Engine_MaterialFunctions01/Shading/PowerToRoughness.uexp" 269
"../../../Engine/Content/Maps/Templates/Thumbnails/Default.uasset" 270
"../../../Engine/Content/Maps/Templates/Thumbnails/Default.uexp" 271
"../../../Engine/Content/Maps/Templates/Thumbnails/TimeOfDay.uasset" 272
"../../../Engine/Content/Maps/Templates/Thumbnails/TimeOfDay.uexp" 273
"../../../Engine/Content/Maps/Templates/Thumbnails/VR-Basic.uasset" 274
"../../../Engine/Content/Maps/Templates/Thumbnails/VR-Basic.uexp" 275
"../../../Engine/Content/MobileResources/T_MobileControls_texture.uasset" 276
"../../../Engine/Content/MobileResources/T_MobileControls_texture.uexp" 277
"../../../Engine/Content/MobileResources/T_MobileMenu2.uasset" 278
"../../../Engine/Content/MobileResources/T_MobileMenu2.uexp" 279
"../../../Engine/Content/MobileResources/HUD/AnalogHat.uasset" 280
"../../../Engine/Content/MobileResources/HUD/AnalogHat.uexp" 281
"../../../Engine/Content/MobileResources/HUD/VirtualJoystick_Thumb.uasset" 282
"../../../Engine/Content/MobileResources/HUD/VirtualJoystick_Thumb.uexp" 283
"../../../Engine/Content/MobileResources/HUD/VirtualJoystick_Background.uasset" 284
"../../../Engine/Content/MobileResources/HUD/VirtualJoystick_Background.uexp" 285
"../../../Engine/Content/MobileResources/HUD/DefaultVirtualJoysticks.uasset" 286
"../../../Engine/Content/MobileResources/HUD/DefaultVirtualJoysticks.uexp" 287
"../../../Engine/Content/MobileResources/HUD/LeftVirtualJoystickOnly.uasset" 288
"../../../Engine/Content/MobileResources/HUD/LeftVirtualJoystickOnly.uexp" 289
"../../../Engine/Content/MobileResources/HUD/MobileHUDButton1_off.uasset" 290
"../../../Engine/Content/MobileResources/HUD/MobileHUDButton1_off.uexp" 291
"../../../Engine/Content/MobileResources/HUD/MobileHUDButton1_on.uasset" 292
"../../../Engine/Content/MobileResources/HUD/MobileHUDButton1_on.uexp" 293
"../../../Engine/Content/MobileResources/HUD/MobileHUDButton2_off.uasset" 294
"../../../Engine/Content/MobileResources/HUD/MobileHUDButton2_off.uexp" 295
"../../../Engine/Content/MobileResources/HUD/MobileHUDButton2_on.uasset" 296
"../../../Engine/Content/MobileResources/HUD/MobileHUDButton2_on.uexp" 297
"../../../Engine/Content/MobileResources/HUD/MobileHUDButton3.uasset" 298
"../../../Engine/Content/MobileResources/HUD/MobileHUDButton3.uexp" 299
"../../../Engine/Content/MobileResources/HUD/MobileHUDButtonFire.uasset" 300
"../../../Engine/Content/MobileResources/HUD/MobileHUDButtonFire.uexp" 301
"../../../Engine/Content/MobileResources/HUD/MobileHUDDirectionPad.uasset" 302
"../../../Engine/Content/MobileResources/HUD/MobileHUDDirectionPad.uexp" 303
"../../../Engine/Content/MobileResources/HUD/MobileHUDDirectionPad2.uasset" 304
"../../../Engine/Content/MobileResources/HUD/MobileHUDDirectionPad2.uexp" 305
"../../../Engine/Content/MobileResources/HUD/MobileHUDDirectionPad3.uasset" 306
"../../../Engine/Content/MobileResources/HUD/MobileHUDDirectionPad3.uexp" 307
"../../../Engine/Content/MobileResources/HUD/MobileHUDDirectionStick.uasset" 308
"../../../Engine/Content/MobileResources/HUD/MobileHUDDirectionStick.uexp" 309
"../../../Engine/Content/MobileResources/HUD/T_Castle_ThumbstickInner.uasset" 310
"../../../Engine/Content/MobileResources/HUD/T_Castle_ThumbstickInner.uexp" 311
"../../../Engine/Content/MobileResources/HUD/T_Castle_ThumbstickOutter.uasset" 312
"../../../Engine/Content/MobileResources/HUD/T_Castle_ThumbstickOutter.uexp" 313
"../../../Engine/Content/Tutorial/ContentIntroCurve.uasset" 314
"../../../Engine/Content/Tutorial/ContentIntroCurve.uexp" 315
"../../../Engine/Content/Tutorial/Basics/TutorialAssets/icon_tab_Levels_40x.uasset" 316
"../../../Engine/Content/Tutorial/Basics/TutorialAssets/icon_tab_Levels_40x.uexp" 317
"../../../Engine/Content/VREditor/TransformGizmo/TranslucentTransformGizmoMaterial.uasset" 318
"../../../Engine/Content/VREditor/TransformGizmo/TranslucentTransformGizmoMaterial.uexp" 319
"../../../Engine/Content/VREditor/LaserPointer/VR_LaserPower_01.uasset" 320
"../../../Engine/Content/VREditor/LaserPointer/VR_LaserPower_01.uexp" 321
"../../../Engine/Content/VREditor/LaserPointer/VR_LaserPower_01.ubulk" 322
"../../../Engine/Content/VREditor/TransformGizmo/TransformGizmoMaterial.uasset" 323
"../../../Engine/Content/VREditor/TransformGizmo/TransformGizmoMaterial.uexp" 324
"../../../Engine/Content/VREditor/TransformGizmo/BoundingBoxCorner.uasset" 325
"../../../Engine/Content/VREditor/TransformGizmo/BoundingBoxCorner.uexp" 326
"../../../Engine/Content/VREditor/TransformGizmo/BoundingBoxEdge.uasset" 327
"../../../Engine/Content/VREditor/TransformGizmo/BoundingBoxEdge.uexp" 328
"../../../Engine/Content/VREditor/TransformGizmo/PlaneTranslationHandle.uasset" 329
"../../../Engine/Content/VREditor/TransformGizmo/PlaneTranslationHandle.uexp" 330
"../../../Engine/Content/VREditor/TransformGizmo/Xray.uasset" 331
"../../../Engine/Content/VREditor/TransformGizmo/Xray.uexp" 332
"../../../Engine/Content/VREditor/TransformGizmo/Main.uasset" 333
"../../../Engine/Content/VREditor/TransformGizmo/Main.uexp" 334
"../../../Engine/Content/VREditor/TransformGizmo/SM_Sequencer_Key.uasset" 335
"../../../Engine/Content/VREditor/TransformGizmo/SM_Sequencer_Key.uexp" 336
"../../../Engine/Content/VREditor/TransformGizmo/SM_Sequencer_Node.uasset" 337
"../../../Engine/Content/VREditor/TransformGizmo/SM_Sequencer_Node.uexp" 338
"../../../Engine/Plugins/2D/Paper2D/Content/PlaceholderTextures/DummySpriteTexture.uasset" 339
"../../../Engine/Plugins/2D/Paper2D/Content/PlaceholderTextures/DummySpriteTexture.uexp" 340
"../../../Engine/Plugins/2D/Paper2D/Content/PlaceholderTextures/DummySpriteTexture.ubulk" 341
"../../../Engine/Plugins/2D/Paper2D/Content/DummySprite.uasset" 342
"../../../Engine/Plugins/2D/Paper2D/Content/DummySprite.uexp" 343
"../../../Engine/Plugins/2D/Paper2D/Content/DefaultPaperTerrainMaterial.uasset" 344
"../../../Engine/Plugins/2D/Paper2D/Content/DefaultPaperTerrainMaterial.uexp" 345
"../../../Engine/Plugins/2D/Paper2D/Content/DefaultSpriteMaterial.uasset" 346
"../../../Engine/Plugins/2D/Paper2D/Content/DefaultSpriteMaterial.uexp" 347
"../../../Engine/Plugins/2D/Paper2D/Content/MaskedUnlitSpriteMaterial.uasset" 348
"../../../Engine/Plugins/2D/Paper2D/Content/MaskedUnlitSpriteMaterial.uexp" 349
"../../../Engine/Plugins/2D/Paper2D/Content/OpaqueUnlitSpriteMaterial.uasset" 350
"../../../Engine/Plugins/2D/Paper2D/Content/OpaqueUnlitSpriteMaterial.uexp" 351
"../../../Engine/Content/Functions/Engine_MaterialFunctions02/Utility/BreakOutFloat3Components.uasset" 352
"../../../Engine/Content/Functions/Engine_MaterialFunctions02/Utility/BreakOutFloat3Components.uexp" 353
"../../../Engine/Plugins/Editor/SpeedTreeImporter/Content/SpeedTree9/UnpackInteger3.uasset" 354
"../../../Engine/Plugins/Editor/SpeedTreeImporter/Content/SpeedTree9/UnpackInteger3.uexp" 355
"../../../Engine/Plugins/Editor/SpeedTreeImporter/Content/SpeedTree9/UnpackDirection.uasset" 356
"../../../Engine/Plugins/Editor/SpeedTreeImporter/Content/SpeedTree9/UnpackDirection.uexp" 357
"../../../Engine/Plugins/Editor/SpeedTreeImporter/Content/SpeedTree9/game_wind_noise.uasset" 358
"../../../Engine/Plugins/Editor/SpeedTreeImporter/Content/SpeedTree9/game_wind_noise.uexp" 359
"../../../Engine/Plugins/Editor/SpeedTreeImporter/Content/SpeedTree9/game_wind_noise.ubulk" 360
"../../../Engine/Content/Functions/Engine_MaterialFunctions02/SafeNormalize.uasset" 361
"../../../Engine/Content/Functions/Engine_MaterialFunctions02/SafeNormalize.uexp" 362
"../../../Engine/Plugins/Editor/SpeedTreeImporter/Content/SpeedTree9/SpeedTreeWindMotion.uasset" 363
"../../../Engine/Plugins/Editor/SpeedTreeImporter/Content/SpeedTree9/SpeedTreeWindMotion.uexp" 364
"../../../Engine/Plugins/Editor/SpeedTreeImporter/Content/SpeedTree9/SpeedTreeBranchMotion.uasset" 365
"../../../Engine/Plugins/Editor/SpeedTreeImporter/Content/SpeedTree9/SpeedTreeBranchMotion.uexp" 366
"../../../Engine/Content/Functions/Engine_MaterialFunctions02/ObjectLocalBounds.uasset" 367
"../../../Engine/Content/Functions/Engine_MaterialFunctions02/ObjectLocalBounds.uexp" 368
"../../../Engine/Content/Functions/Engine_MaterialFunctions02/UVs/BoundingBoxBased_0-1_UVW.uasset" 369
"../../../Engine/Content/Functions/Engine_MaterialFunctions02/UVs/BoundingBoxBased_0-1_UVW.uexp" 370
"../../../Engine/Content/Functions/Engine_MaterialFunctions02/Utility/VectorLength.uasset" 371
"../../../Engine/Content/Functions/Engine_MaterialFunctions02/Utility/VectorLength.uexp" 372
"../../../Engine/Content/Functions/Engine_MaterialFunctions02/WorldPositionOffset/ObjectScale.uasset" 373
"../../../Engine/Content/Functions/Engine_MaterialFunctions02/WorldPositionOffset/ObjectScale.uexp" 374
"../../../Engine/Plugins/Editor/SpeedTreeImporter/Content/SpeedTree9/SpeedTreeWind.uasset" 375
"../../../Engine/Plugins/Editor/SpeedTreeImporter/Content/SpeedTree9/SpeedTreeWind.uexp" 376
"../../../Engine/Plugins/Editor/SpeedTreeImporter/Content/SpeedTree9/SpeedTreeBillboard.uasset" 377
"../../../Engine/Plugins/Editor/SpeedTreeImporter/Content/SpeedTree9/SpeedTreeBillboard.uexp" 378
"../../../Engine/Plugins/Editor/SpeedTreeImporter/Content/SpeedTree9/EmptyNormal.uasset" 379
"../../../Engine/Plugins/Editor/SpeedTreeImporter/Content/SpeedTree9/EmptyNormal.uexp" 380
"../../../Engine/Plugins/Editor/SpeedTreeImporter/Content/SpeedTree9/Empty.uasset" 381
"../../../Engine/Plugins/Editor/SpeedTreeImporter/Content/SpeedTree9/Empty.uexp" 382
"../../../Engine/Plugins/Editor/SpeedTreeImporter/Content/SpeedTree9/SpeedTreeBillboardMaster.uasset" 383
"../../../Engine/Plugins/Editor/SpeedTreeImporter/Content/SpeedTree9/SpeedTreeBillboardMaster.uexp" 384
"../../../Engine/Plugins/Editor/SpeedTreeImporter/Content/SpeedTree9/SpeedTreeCameraFacing.uasset" 385
"../../../Engine/Plugins/Editor/SpeedTreeImporter/Content/SpeedTree9/SpeedTreeCameraFacing.uexp" 386
"../../../Engine/Plugins/Editor/SpeedTreeImporter/Content/SpeedTree9/SpeedTreeMaster.uasset" 387
"../../../Engine/Plugins/Editor/SpeedTreeImporter/Content/SpeedTree9/SpeedTreeMaster.uexp" 388
"../../../Engine/Content/BasicShapes/Cylinder.uasset" 389
"../../../Engine/Content/BasicShapes/Cylinder.uexp" 390
"../../../Engine/Content/ArtTools/RenderToTexture/Materials/Debug/M_Emissive_Color.uasset" 391
"../../../Engine/Content/ArtTools/RenderToTexture/Materials/Debug/M_Emissive_Color.uexp" 392
"D:/UE4PlatformSample_IdentifyFriendEtc/UE4PlatformSample_IdentityFriendRtc/Plugins/PicoXR/Content/Textures/HandTexture/T_LoadingSequenceMap.uasset" 393
"D:/UE4PlatformSample_IdentifyFriendEtc/UE4PlatformSample_IdentityFriendRtc/Plugins/PicoXR/Content/Textures/HandTexture/T_LoadingSequenceMap.uexp" 394
"D:/UE4PlatformSample_IdentifyFriendEtc/UE4PlatformSample_IdentityFriendRtc/Plugins/PicoXR/Content/Materials/DefaultRT.uasset" 395
"D:/UE4PlatformSample_IdentifyFriendEtc/UE4PlatformSample_IdentityFriendRtc/Plugins/PicoXR/Content/Materials/DefaultRT.uexp" 396
"../../../Engine/Content/Functions/Engine_MaterialFunctions02/ExampleContent/Textures/DebugNumberPeriod.uasset" 397
"../../../Engine/Content/Functions/Engine_MaterialFunctions02/ExampleContent/Textures/DebugNumberPeriod.uexp" 398
"../../../Engine/Content/Functions/Engine_MaterialFunctions02/ExampleContent/DebugNumberStrip.uasset" 399
"../../../Engine/Content/Functions/Engine_MaterialFunctions02/ExampleContent/DebugNumberStrip.uexp" 400
"../../../Engine/Content/Functions/Engine_MaterialFunctions01/Texturing/TextureCropping.uasset" 401
"../../../Engine/Content/Functions/Engine_MaterialFunctions01/Texturing/TextureCropping.uexp" 402
"../../../Engine/Content/Functions/Engine_MaterialFunctions01/Texturing/ComputeMipLevel.uasset" 403
"../../../Engine/Content/Functions/Engine_MaterialFunctions01/Texturing/ComputeMipLevel.uexp" 404
"../../../Engine/Content/Functions/Engine_MaterialFunctions02/Utility/DebugScalarValues.uasset" 405
"../../../Engine/Content/Functions/Engine_MaterialFunctions02/Utility/DebugScalarValues.uexp" 406
"../../../Engine/Content/Functions/Engine_MaterialFunctions02/Utility/DebugFloat2Values.uasset" 407
"../../../Engine/Content/Functions/Engine_MaterialFunctions02/Utility/DebugFloat2Values.uexp" 408
"../../../Engine/Content/Functions/Engine_MaterialFunctions02/ExampleContent/Textures/flipbook.uasset" 409
"../../../Engine/Content/Functions/Engine_MaterialFunctions02/ExampleContent/Textures/flipbook.uexp" 410
"../../../Engine/Content/Functions/Engine_MaterialFunctions02/ExampleContent/Textures/flipbook.ubulk" 411
"../../../Engine/Content/Functions/Engine_MaterialFunctions02/Texturing/FlipBook.uasset" 412
"../../../Engine/Content/Functions/Engine_MaterialFunctions02/Texturing/FlipBook.uexp" 413
"D:/UE4PlatformSample_IdentifyFriendEtc/UE4PlatformSample_IdentityFriendRtc/Plugins/PicoXR/Content/Materials/Hand/M_LoadingSequences.uasset" 414
"D:/UE4PlatformSample_IdentifyFriendEtc/UE4PlatformSample_IdentityFriendRtc/Plugins/PicoXR/Content/Materials/Hand/M_LoadingSequences.uexp" 415
"D:/UE4PlatformSample_IdentifyFriendEtc/UE4PlatformSample_IdentityFriendRtc/Plugins/PicoXR/Content/Blueprint/BP_HandLoadingSequence.uasset" 416
"D:/UE4PlatformSample_IdentifyFriendEtc/UE4PlatformSample_IdentityFriendRtc/Plugins/PicoXR/Content/Blueprint/BP_HandLoadingSequence.uexp" 417
"D:/UE4PlatformSample_IdentifyFriendEtc/UE4PlatformSample_IdentityFriendRtc/Plugins/PicoXR/Content/Textures/G2Texture/G2_Normal.uasset" 418
"D:/UE4PlatformSample_IdentifyFriendEtc/UE4PlatformSample_IdentityFriendRtc/Plugins/PicoXR/Content/Textures/G2Texture/G2_Normal.uexp" 419
"D:/UE4PlatformSample_IdentifyFriendEtc/UE4PlatformSample_IdentityFriendRtc/Plugins/PicoXR/Content/Materials/Mat_Controller.uasset" 420
"D:/UE4PlatformSample_IdentifyFriendEtc/UE4PlatformSample_IdentityFriendRtc/Plugins/PicoXR/Content/Materials/Mat_Controller.uexp" 421
"D:/UE4PlatformSample_IdentifyFriendEtc/UE4PlatformSample_IdentityFriendRtc/Plugins/PicoXR/Content/Materials/Mat_EyeMask.uasset" 422
"D:/UE4PlatformSample_IdentifyFriendEtc/UE4PlatformSample_IdentityFriendRtc/Plugins/PicoXR/Content/Materials/Mat_EyeMask.uexp" 423
"D:/UE4PlatformSample_IdentifyFriendEtc/UE4PlatformSample_IdentityFriendRtc/Plugins/PicoXR/Content/Materials/Mat_MRC.uasset" 424
"D:/UE4PlatformSample_IdentifyFriendEtc/UE4PlatformSample_IdentityFriendRtc/Plugins/PicoXR/Content/Materials/Mat_MRC.uexp" 425
"D:/UE4PlatformSample_IdentifyFriendEtc/UE4PlatformSample_IdentityFriendRtc/Plugins/PicoXR/Content/Materials/UnderlayMaterial.uasset" 426
"D:/UE4PlatformSample_IdentifyFriendEtc/UE4PlatformSample_IdentityFriendRtc/Plugins/PicoXR/Content/Materials/UnderlayMaterial.uexp" 427
"D:/UE4PlatformSample_IdentifyFriendEtc/UE4PlatformSample_IdentityFriendRtc/Plugins/PicoXR/Content/Materials/Mat_TouchPoint.uasset" 428
"D:/UE4PlatformSample_IdentifyFriendEtc/UE4PlatformSample_IdentityFriendRtc/Plugins/PicoXR/Content/Materials/Mat_TouchPoint.uexp" 429
"D:/UE4PlatformSample_IdentifyFriendEtc/UE4PlatformSample_IdentityFriendRtc/Plugins/PicoXR/Content/Meshes/Mesh_TouchPoint.uasset" 430
"D:/UE4PlatformSample_IdentifyFriendEtc/UE4PlatformSample_IdentityFriendRtc/Plugins/PicoXR/Content/Meshes/Mesh_TouchPoint.uexp" 431
"D:/UE4PlatformSample_IdentifyFriendEtc/UE4PlatformSample_IdentityFriendRtc/Plugins/PicoXR/Content/Textures/G2Texture/G2_Back.uasset" 432
"D:/UE4PlatformSample_IdentifyFriendEtc/UE4PlatformSample_IdentityFriendRtc/Plugins/PicoXR/Content/Textures/G2Texture/G2_Back.uexp" 433
"D:/UE4PlatformSample_IdentifyFriendEtc/UE4PlatformSample_IdentityFriendRtc/Plugins/PicoXR/Content/Textures/G2Texture/G2_Home.uasset" 434
"D:/UE4PlatformSample_IdentifyFriendEtc/UE4PlatformSample_IdentityFriendRtc/Plugins/PicoXR/Content/Textures/G2Texture/G2_Home.uexp" 435
"D:/UE4PlatformSample_IdentifyFriendEtc/UE4PlatformSample_IdentityFriendRtc/Plugins/PicoXR/Content/Textures/G2Texture/G2_Touchpad.uasset" 436
"D:/UE4PlatformSample_IdentifyFriendEtc/UE4PlatformSample_IdentityFriendRtc/Plugins/PicoXR/Content/Textures/G2Texture/G2_Touchpad.uexp" 437
"D:/UE4PlatformSample_IdentifyFriendEtc/UE4PlatformSample_IdentityFriendRtc/Plugins/PicoXR/Content/Textures/G2Texture/G2_Trigger.uasset" 438
"D:/UE4PlatformSample_IdentifyFriendEtc/UE4PlatformSample_IdentityFriendRtc/Plugins/PicoXR/Content/Textures/G2Texture/G2_Trigger.uexp" 439
"D:/UE4PlatformSample_IdentifyFriendEtc/UE4PlatformSample_IdentityFriendRtc/Plugins/PicoXR/Content/Textures/G2Texture/G2_VolumeDown.uasset" 440
"D:/UE4PlatformSample_IdentifyFriendEtc/UE4PlatformSample_IdentityFriendRtc/Plugins/PicoXR/Content/Textures/G2Texture/G2_VolumeDown.uexp" 441
"D:/UE4PlatformSample_IdentifyFriendEtc/UE4PlatformSample_IdentityFriendRtc/Plugins/PicoXR/Content/Textures/G2Texture/G2_VolumeUp.uasset" 442
"D:/UE4PlatformSample_IdentifyFriendEtc/UE4PlatformSample_IdentityFriendRtc/Plugins/PicoXR/Content/Textures/G2Texture/G2_VolumeUp.uexp" 443
"D:/UE4PlatformSample_IdentifyFriendEtc/UE4PlatformSample_IdentityFriendRtc/Plugins/PicoXR/Content/Textures/HandTexture/T_Loading_fw.uasset" 444
"D:/UE4PlatformSample_IdentifyFriendEtc/UE4PlatformSample_IdentityFriendRtc/Plugins/PicoXR/Content/Textures/HandTexture/T_Loading_fw.uexp" 445
"D:/UE4PlatformSample_IdentifyFriendEtc/UE4PlatformSample_IdentityFriendRtc/Plugins/PicoXR/Content/Textures/HandTexture/T_Loading_fw.ubulk" 446
"D:/UE4PlatformSample_IdentifyFriendEtc/UE4PlatformSample_IdentityFriendRtc/Plugins/PicoXR/Content/Textures/HandTexture/T_Menu.uasset" 447
"D:/UE4PlatformSample_IdentifyFriendEtc/UE4PlatformSample_IdentityFriendRtc/Plugins/PicoXR/Content/Textures/HandTexture/T_Menu.uexp" 448
"D:/UE4PlatformSample_IdentifyFriendEtc/UE4PlatformSample_IdentityFriendRtc/Plugins/PicoXR/Content/Textures/HandTexture/T_Menu.ubulk" 449
"D:/UE4PlatformSample_IdentifyFriendEtc/UE4PlatformSample_IdentityFriendRtc/Plugins/PicoXR/Content/Textures/Neo2Texture/Neo2_A.uasset" 450
"D:/UE4PlatformSample_IdentifyFriendEtc/UE4PlatformSample_IdentityFriendRtc/Plugins/PicoXR/Content/Textures/Neo2Texture/Neo2_A.uexp" 451
"D:/UE4PlatformSample_IdentifyFriendEtc/UE4PlatformSample_IdentityFriendRtc/Plugins/PicoXR/Content/Textures/Neo2Texture/Neo2_B.uasset" 452
"D:/UE4PlatformSample_IdentifyFriendEtc/UE4PlatformSample_IdentityFriendRtc/Plugins/PicoXR/Content/Textures/Neo2Texture/Neo2_B.uexp" 453
"D:/UE4PlatformSample_IdentifyFriendEtc/UE4PlatformSample_IdentityFriendRtc/Plugins/PicoXR/Content/Textures/Neo2Texture/Neo2_Back.uasset" 454
"D:/UE4PlatformSample_IdentifyFriendEtc/UE4PlatformSample_IdentityFriendRtc/Plugins/PicoXR/Content/Textures/Neo2Texture/Neo2_Back.uexp" 455
"D:/UE4PlatformSample_IdentifyFriendEtc/UE4PlatformSample_IdentityFriendRtc/Plugins/PicoXR/Content/Textures/Neo2Texture/Neo2_Grip.uasset" 456
"D:/UE4PlatformSample_IdentifyFriendEtc/UE4PlatformSample_IdentityFriendRtc/Plugins/PicoXR/Content/Textures/Neo2Texture/Neo2_Grip.uexp" 457
"D:/UE4PlatformSample_IdentifyFriendEtc/UE4PlatformSample_IdentityFriendRtc/Plugins/PicoXR/Content/Textures/Neo2Texture/Neo2_Home.uasset" 458
"D:/UE4PlatformSample_IdentifyFriendEtc/UE4PlatformSample_IdentityFriendRtc/Plugins/PicoXR/Content/Textures/Neo2Texture/Neo2_Home.uexp" 459
"D:/UE4PlatformSample_IdentifyFriendEtc/UE4PlatformSample_IdentityFriendRtc/Plugins/PicoXR/Content/Textures/Neo2Texture/Neo2_Rocker.uasset" 460
"D:/UE4PlatformSample_IdentifyFriendEtc/UE4PlatformSample_IdentityFriendRtc/Plugins/PicoXR/Content/Textures/Neo2Texture/Neo2_Rocker.uexp" 461
"D:/UE4PlatformSample_IdentifyFriendEtc/UE4PlatformSample_IdentityFriendRtc/Plugins/PicoXR/Content/Textures/Neo2Texture/Neo2_Trigger.uasset" 462
"D:/UE4PlatformSample_IdentifyFriendEtc/UE4PlatformSample_IdentityFriendRtc/Plugins/PicoXR/Content/Textures/Neo2Texture/Neo2_Trigger.uexp" 463
"D:/UE4PlatformSample_IdentifyFriendEtc/UE4PlatformSample_IdentityFriendRtc/Plugins/PicoXR/Content/Textures/Neo2Texture/Neo2_X.uasset" 464
"D:/UE4PlatformSample_IdentifyFriendEtc/UE4PlatformSample_IdentityFriendRtc/Plugins/PicoXR/Content/Textures/Neo2Texture/Neo2_X.uexp" 465
"D:/UE4PlatformSample_IdentifyFriendEtc/UE4PlatformSample_IdentityFriendRtc/Plugins/PicoXR/Content/Textures/Neo2Texture/Neo2_Y.uasset" 466
"D:/UE4PlatformSample_IdentifyFriendEtc/UE4PlatformSample_IdentityFriendRtc/Plugins/PicoXR/Content/Textures/Neo2Texture/Neo2_Y.uexp" 467
"D:/UE4PlatformSample_IdentifyFriendEtc/UE4PlatformSample_IdentityFriendRtc/Plugins/PicoXR/Content/Textures/Neo3Texture/Neo3_A.uasset" 468
"D:/UE4PlatformSample_IdentifyFriendEtc/UE4PlatformSample_IdentityFriendRtc/Plugins/PicoXR/Content/Textures/Neo3Texture/Neo3_A.uexp" 469
"D:/UE4PlatformSample_IdentifyFriendEtc/UE4PlatformSample_IdentityFriendRtc/Plugins/PicoXR/Content/Textures/Neo3Texture/Neo3_B.uasset" 470
"D:/UE4PlatformSample_IdentifyFriendEtc/UE4PlatformSample_IdentityFriendRtc/Plugins/PicoXR/Content/Textures/Neo3Texture/Neo3_B.uexp" 471
"D:/UE4PlatformSample_IdentifyFriendEtc/UE4PlatformSample_IdentityFriendRtc/Plugins/PicoXR/Content/Textures/Neo3Texture/Neo3_Back.uasset" 472
"D:/UE4PlatformSample_IdentifyFriendEtc/UE4PlatformSample_IdentityFriendRtc/Plugins/PicoXR/Content/Textures/Neo3Texture/Neo3_Back.uexp" 473
"D:/UE4PlatformSample_IdentifyFriendEtc/UE4PlatformSample_IdentityFriendRtc/Plugins/PicoXR/Content/Textures/Neo3Texture/Neo3_Grip.uasset" 474
"D:/UE4PlatformSample_IdentifyFriendEtc/UE4PlatformSample_IdentityFriendRtc/Plugins/PicoXR/Content/Textures/Neo3Texture/Neo3_Grip.uexp" 475
"D:/UE4PlatformSample_IdentifyFriendEtc/UE4PlatformSample_IdentityFriendRtc/Plugins/PicoXR/Content/Textures/Neo3Texture/Neo3_Home.uasset" 476
"D:/UE4PlatformSample_IdentifyFriendEtc/UE4PlatformSample_IdentityFriendRtc/Plugins/PicoXR/Content/Textures/Neo3Texture/Neo3_Home.uexp" 477
"D:/UE4PlatformSample_IdentifyFriendEtc/UE4PlatformSample_IdentityFriendRtc/Plugins/PicoXR/Content/Textures/Neo3Texture/Neo3_Rocker.uasset" 478
"D:/UE4PlatformSample_IdentifyFriendEtc/UE4PlatformSample_IdentityFriendRtc/Plugins/PicoXR/Content/Textures/Neo3Texture/Neo3_Rocker.uexp" 479
"D:/UE4PlatformSample_IdentifyFriendEtc/UE4PlatformSample_IdentityFriendRtc/Plugins/PicoXR/Content/Textures/Neo3Texture/Neo3_Trigger.uasset" 480
"D:/UE4PlatformSample_IdentifyFriendEtc/UE4PlatformSample_IdentityFriendRtc/Plugins/PicoXR/Content/Textures/Neo3Texture/Neo3_Trigger.uexp" 481
"D:/UE4PlatformSample_IdentifyFriendEtc/UE4PlatformSample_IdentityFriendRtc/Plugins/PicoXR/Content/Textures/Neo3Texture/Neo3_X.uasset" 482
"D:/UE4PlatformSample_IdentifyFriendEtc/UE4PlatformSample_IdentityFriendRtc/Plugins/PicoXR/Content/Textures/Neo3Texture/Neo3_X.uexp" 483
"D:/UE4PlatformSample_IdentifyFriendEtc/UE4PlatformSample_IdentityFriendRtc/Plugins/PicoXR/Content/Textures/Neo3Texture/Neo3_Y.uasset" 484
"D:/UE4PlatformSample_IdentifyFriendEtc/UE4PlatformSample_IdentityFriendRtc/Plugins/PicoXR/Content/Textures/Neo3Texture/Neo3_Y.uexp" 485
"D:/UE4PlatformSample_IdentifyFriendEtc/UE4PlatformSample_IdentityFriendRtc/Plugins/PicoXR/Content/Textures/PowerTexture/Power0_White.uasset" 486
"D:/UE4PlatformSample_IdentifyFriendEtc/UE4PlatformSample_IdentityFriendRtc/Plugins/PicoXR/Content/Textures/PowerTexture/Power0_White.uexp" 487
"D:/UE4PlatformSample_IdentifyFriendEtc/UE4PlatformSample_IdentityFriendRtc/Content/UI_UserItem.uasset" 488
"D:/UE4PlatformSample_IdentifyFriendEtc/UE4PlatformSample_IdentityFriendRtc/Content/UI_UserItem.uexp" 489
"../../../Engine/Content/EditorBlueprintResources/StandardMacros.uasset" 490
"../../../Engine/Content/EditorBlueprintResources/StandardMacros.uexp" 491
"D:/UE4PlatformSample_IdentifyFriendEtc/UE4PlatformSample_IdentityFriendRtc/Content/UI_RtcRoomInfo.uasset" 492
"D:/UE4PlatformSample_IdentifyFriendEtc/UE4PlatformSample_IdentityFriendRtc/Content/UI_RtcRoomInfo.uexp" 493
"D:/UE4PlatformSample_IdentifyFriendEtc/UE4PlatformSample_IdentityFriendRtc/Content/UI_EditKeyboard.uasset" 494
"D:/UE4PlatformSample_IdentifyFriendEtc/UE4PlatformSample_IdentityFriendRtc/Content/UI_EditKeyboard.uexp" 495
"D:/UE4PlatformSample_IdentifyFriendEtc/UE4PlatformSample_IdentityFriendRtc/Content/UI_Sample.uasset" 496
"D:/UE4PlatformSample_IdentifyFriendEtc/UE4PlatformSample_IdentityFriendRtc/Content/UI_Sample.uexp" 497
"../../../Engine/Content/EngineSky/T_Sky_Stars.uasset" 498
"../../../Engine/Content/EngineSky/T_Sky_Stars.uexp" 499
"../../../Engine/Content/EngineSky/T_Sky_Stars.ubulk" 500
"../../../Engine/Content/EngineSky/T_Sky_Clouds_M.uasset" 501
"../../../Engine/Content/EngineSky/T_Sky_Clouds_M.uexp" 502
"../../../Engine/Content/EngineSky/T_Sky_Clouds_M.ubulk" 503
"../../../Engine/Content/EngineSky/T_Sky_Blue.uasset" 504
"../../../Engine/Content/EngineSky/T_Sky_Blue.uexp" 505
"../../../Engine/Content/EngineSky/T_Sky_Blue.ubulk" 506
"../../../Engine/Content/BasicShapes/Plane.uasset" 507
"../../../Engine/Content/BasicShapes/Plane.uexp" 508
"../../../Engine/Content/EngineSky/M_Sky_Panning_Clouds2.uasset" 509
"../../../Engine/Content/EngineSky/M_Sky_Panning_Clouds2.uexp" 510
"../../../Engine/Content/BasicShapes/BasicShapeMaterial.uasset" 511
"../../../Engine/Content/BasicShapes/BasicShapeMaterial.uexp" 512
"D:/UE4PlatformSample_IdentifyFriendEtc/UE4PlatformSample_IdentityFriendRtc/Content/IdentityFriendAndRoom_BuiltData.uasset" 513
"D:/UE4PlatformSample_IdentifyFriendEtc/UE4PlatformSample_IdentityFriendRtc/Content/IdentityFriendAndRoom_BuiltData.uexp" 514
"D:/UE4PlatformSample_IdentifyFriendEtc/UE4PlatformSample_IdentityFriendRtc/Content/IdentityFriendAndRoom_BuiltData.ubulk" 515
"D:/UE4PlatformSample_IdentifyFriendEtc/UE4PlatformSample_IdentityFriendRtc/Content/UIInteractionWidget_Actor.uasset" 516
"D:/UE4PlatformSample_IdentifyFriendEtc/UE4PlatformSample_IdentityFriendRtc/Content/UIInteractionWidget_Actor.uexp" 517
"../../../Engine/Content/EngineSky/SM_SkySphere.uasset" 518
"../../../Engine/Content/EngineSky/SM_SkySphere.uexp" 519
"../../../Engine/Content/EngineSky/C_Sky_Zenith_Color.uasset" 520
"../../../Engine/Content/EngineSky/C_Sky_Zenith_Color.uexp" 521
"../../../Engine/Content/EngineSky/C_Sky_Horizon_Color.uasset" 522
"../../../Engine/Content/EngineSky/C_Sky_Horizon_Color.uexp" 523
"../../../Engine/Content/EngineSky/C_Sky_Cloud_Color.uasset" 524
"../../../Engine/Content/EngineSky/C_Sky_Cloud_Color.uexp" 525
"../../../Engine/Content/EngineSky/BP_Sky_Sphere.uasset" 526
"../../../Engine/Content/EngineSky/BP_Sky_Sphere.uexp" 527
"D:/UE4PlatformSample_IdentifyFriendEtc/UE4PlatformSample_IdentityFriendRtc/Content/IdentityFriendAndRoom.uexp" 528
"D:/UE4PlatformSample_IdentifyFriendEtc/UE4PlatformSample_IdentityFriendRtc/Content/IdentityFriendAndRoom.umap" 529
"../../../Engine/Content/Maps/Entry_BuiltData.uasset" 530
"../../../Engine/Content/Maps/Entry_BuiltData.uexp" 531
"../../../Engine/Content/Maps/Entry.uexp" 532
"../../../Engine/Content/Maps/Entry.umap" 533
